Connected to the target VM, address: '127.0.0.1:60912', transport: 'socket'
SLF4J: Class path contains multiple SLF4J bindings.
SLF4J: Found binding in [jar:file:/Users/gkiran/.m2/repository/org/slf4j/slf4j-jdk14/1.7.25/slf4j-jdk14-1.7.25.jar!/org/slf4j/impl/StaticLoggerBinder.class]
SLF4J: Found binding in [jar:file:/Users/gkiran/.m2/repository/ch/qos/logback/logback-classic/1.2.3/logback-classic-1.2.3.jar!/org/slf4j/impl/StaticLoggerBinder.class]
SLF4J: See http://www.slf4j.org/codes.html#multiple_bindings for an explanation.
SLF4J: Actual binding is of type [org.slf4j.impl.JDK14LoggerFactory]
Dec 06, 2019 8:22:13 PM org.iu.engrcloudcomputing.mapreduce.hadoop.Application main
INFO: Initiating cluster with master masterPort: 9001
Dec 06, 2019 8:22:14 PM org.iu.engrcloudcomputing.mapreduce.hadoop.helper.GoogleComputeOps deleteInstance
INFO: ================== Deleting Instance keyvaluestore ==================
Waiting for operation completion...
Dec 06, 2019 8:22:20 PM org.iu.engrcloudcomputing.mapreduce.hadoop.helper.GoogleComputeOps blockUntilComplete
INFO: waiting...
Dec 06, 2019 8:22:26 PM org.iu.engrcloudcomputing.mapreduce.hadoop.helper.GoogleComputeOps blockUntilComplete
INFO: waiting...
Dec 06, 2019 8:22:31 PM org.iu.engrcloudcomputing.mapreduce.hadoop.helper.GoogleComputeOps blockUntilComplete
INFO: waiting...
Dec 06, 2019 8:22:37 PM org.iu.engrcloudcomputing.mapreduce.hadoop.helper.GoogleComputeOps blockUntilComplete
INFO: waiting...
Dec 06, 2019 8:22:42 PM org.iu.engrcloudcomputing.mapreduce.hadoop.helper.GoogleComputeOps blockUntilComplete
INFO: waiting...
Dec 06, 2019 8:22:48 PM org.iu.engrcloudcomputing.mapreduce.hadoop.helper.GoogleComputeOps blockUntilComplete
INFO: waiting...
Dec 06, 2019 8:22:53 PM org.iu.engrcloudcomputing.mapreduce.hadoop.helper.GoogleComputeOps blockUntilComplete
INFO: waiting...
Dec 06, 2019 8:22:59 PM org.iu.engrcloudcomputing.mapreduce.hadoop.helper.GoogleComputeOps blockUntilComplete
INFO: waiting...
Dec 06, 2019 8:23:04 PM org.iu.engrcloudcomputing.mapreduce.hadoop.helper.GoogleComputeOps blockUntilComplete
INFO: waiting...
Dec 06, 2019 8:23:10 PM org.iu.engrcloudcomputing.mapreduce.hadoop.helper.GoogleComputeOps blockUntilComplete
INFO: waiting...
Dec 06, 2019 8:23:15 PM org.iu.engrcloudcomputing.mapreduce.hadoop.helper.GoogleComputeOps blockUntilComplete
INFO: waiting...
Dec 06, 2019 8:23:21 PM org.iu.engrcloudcomputing.mapreduce.hadoop.helper.GoogleComputeOps blockUntilComplete
INFO: waiting...
Dec 06, 2019 8:23:21 PM org.iu.engrcloudcomputing.mapreduce.hadoop.helper.GoogleComputeOps waitForOperationCompletion
INFO: Success!
Dec 06, 2019 8:23:21 PM org.iu.engrcloudcomputing.mapreduce.hadoop.helper.GoogleComputeOps startInstance
INFO: ================== Starting New Instance ==================
Dec 06, 2019 8:23:21 PM org.iu.engrcloudcomputing.mapreduce.hadoop.helper.GoogleComputeOps startInstance
INFO: {canIpForward=false, deletionProtection=false, disks=[{autoDelete=true, boot=true, deviceName=keyvaluestore, initializeParams={diskSizeGb=10, diskType=projects/gopikiran-talangalashama/zones/us-east1-b/diskTypes/pd-standard, sourceImage=projects/debian-cloud/global/images/debian-9-stretch-v20191121}, kind=compute#attachedDisk, mode=READ_WRITE, type=PERSISTENT}], kind=compute#instance, machineType=projects/gopikiran-talangalashama/zones/us-east1-b/machineTypes/n1-standard-1, metadata={items=[{key=startup-script-url, value=gs://gopikiran-talangalashama/kv_vm_startup.sh}, {key=component, value=keyvaluestore}, {key=port, value=9000}]}, name=keyvaluestore, networkInterfaces=[{accessConfigs=[{kind=compute#accessConfig, name=External NAT, networkTier=PREMIUM, type=ONE_TO_ONE_NAT}], kind=compute#networkInterface, subnetwork=projects/gopikiran-talangalashama/regions/us-east1/subnetworks/default}], scheduling={automaticRestart=true, onHostMaintenance=MIGRATE, preemptible=false}, serviceAccounts=[{email=my-account@gopikiran-talangalashama.iam.gserviceaccount.com, scopes=[https://www.googleapis.com/auth/cloud-platform]}], zone=projects/gopikiran-talangalashama/zones/us-east1-b}
Waiting for operation completion...
Dec 06, 2019 8:23:28 PM org.iu.engrcloudcomputing.mapreduce.hadoop.helper.GoogleComputeOps blockUntilComplete
INFO: waiting...
Dec 06, 2019 8:23:28 PM org.iu.engrcloudcomputing.mapreduce.hadoop.helper.GoogleComputeOps waitForOperationCompletion
INFO: Success!
Dec 06, 2019 8:23:29 PM org.iu.engrcloudcomputing.mapreduce.hadoop.helper.GoogleComputeOps startInstance
INFO: ================== Starting New Instance ==================
Dec 06, 2019 8:23:29 PM org.iu.engrcloudcomputing.mapreduce.hadoop.helper.GoogleComputeOps startInstance
INFO: {canIpForward=false, deletionProtection=false, disks=[{autoDelete=true, boot=true, deviceName=mapred, initializeParams={diskSizeGb=10, diskType=projects/gopikiran-talangalashama/zones/us-east1-b/diskTypes/pd-standard, sourceImage=projects/debian-cloud/global/images/debian-9-stretch-v20191121}, kind=compute#attachedDisk, mode=READ_WRITE, type=PERSISTENT}], kind=compute#instance, machineType=projects/gopikiran-talangalashama/zones/us-east1-b/machineTypes/n1-standard-1, metadata={items=[{key=startup-script-url, value=gs://gopikiran-talangalashama/vm_startup.sh}, {key=kv-store, value=1:1}, {key=master, value=1:9001}, {key=uuid, value=mapred}, {key=component, value=mapred}, {key=script, value=run_master.sh}]}, name=mapred, networkInterfaces=[{accessConfigs=[{kind=compute#accessConfig, name=External NAT, networkTier=PREMIUM, type=ONE_TO_ONE_NAT}], kind=compute#networkInterface, subnetwork=projects/gopikiran-talangalashama/regions/us-east1/subnetworks/default}], scheduling={automaticRestart=true, onHostMaintenance=MIGRATE, preemptible=false}, serviceAccounts=[{email=my-account@gopikiran-talangalashama.iam.gserviceaccount.com, scopes=[https://www.googleapis.com/auth/cloud-platform]}], zone=projects/gopikiran-talangalashama/zones/us-east1-b}
Waiting for operation completion...
Dec 06, 2019 8:23:36 PM org.iu.engrcloudcomputing.mapreduce.hadoop.helper.GoogleComputeOps blockUntilComplete
INFO: waiting...
Dec 06, 2019 8:23:36 PM org.iu.engrcloudcomputing.mapreduce.hadoop.helper.GoogleComputeOps waitForOperationCompletion
INFO: Success!
Dec 06, 2019 8:37:18 PM org.iu.engrcloudcomputing.mapreduce.hadoop.Application main
INFO: Cluster initiated with master masterIpAddress: 34.74.219.106, masterPort: 9001
Dec 06, 2019 8:37:18 PM org.iu.engrcloudcomputing.mapreduce.hadoop.Application main
INFO: Waiting for the master instance to finish up installing prerequisite packages, instance: mapred
Dec 06, 2019 8:37:18 PM org.iu.engrcloudcomputing.mapreduce.hadoop.Application main
INFO: Running MapReduce task with master masterIpAddress: 34.74.219.106, masterPort: 9001
Dec 06, 2019 8:48:09 PM org.iu.engrcloudcomputing.mapreduce.hadoop.manager.impl.HadoopManagerImpl runMapReduce
INFO: Map Reduce Task was successful 
Dec 06, 2019 9:19:21 PM org.iu.engrcloudcomputing.mapreduce.hadoop.Application main
INFO: Persisted result of Map Reduce in file: cloud-ii-output.txt
Dec 06, 2019 9:19:21 PM org.iu.engrcloudcomputing.mapreduce.hadoop.Application main
INFO: Shutting down the cluster with masterIpAddress: 34.74.219.106, masterPort: 9001
Dec 06, 2019 9:19:21 PM org.iu.engrcloudcomputing.mapreduce.hadoop.Application main
INFO: Shutting down the cluster with masterIpAddress: 34.73.145.215, masterPort: 9000
Dec 06, 2019 9:19:21 PM org.iu.engrcloudcomputing.mapreduce.hadoop.manager.impl.HadoopManagerImpl destroyCluster
INFO: Shutting down the instances, master: keyvaluestore, kvstore: mapred
Dec 06, 2019 9:19:21 PM org.iu.engrcloudcomputing.mapreduce.hadoop.helper.GoogleComputeOps deleteInstance
INFO: ================== Deleting Instance keyvaluestore ==================
Waiting for operation completion...
Dec 06, 2019 9:19:27 PM org.iu.engrcloudcomputing.mapreduce.hadoop.helper.GoogleComputeOps blockUntilComplete
INFO: waiting...
Dec 06, 2019 9:19:33 PM org.iu.engrcloudcomputing.mapreduce.hadoop.helper.GoogleComputeOps blockUntilComplete
INFO: waiting...
Dec 06, 2019 9:19:39 PM org.iu.engrcloudcomputing.mapreduce.hadoop.helper.GoogleComputeOps blockUntilComplete
INFO: waiting...
Dec 06, 2019 9:19:44 PM org.iu.engrcloudcomputing.mapreduce.hadoop.helper.GoogleComputeOps blockUntilComplete
INFO: waiting...
Dec 06, 2019 9:19:50 PM org.iu.engrcloudcomputing.mapreduce.hadoop.helper.GoogleComputeOps blockUntilComplete
INFO: waiting...
Dec 06, 2019 9:19:56 PM org.iu.engrcloudcomputing.mapreduce.hadoop.helper.GoogleComputeOps blockUntilComplete
INFO: waiting...
Dec 06, 2019 9:20:01 PM org.iu.engrcloudcomputing.mapreduce.hadoop.helper.GoogleComputeOps blockUntilComplete
INFO: waiting...
Dec 06, 2019 9:20:07 PM org.iu.engrcloudcomputing.mapreduce.hadoop.helper.GoogleComputeOps blockUntilComplete
INFO: waiting...
Dec 06, 2019 9:20:12 PM org.iu.engrcloudcomputing.mapreduce.hadoop.helper.GoogleComputeOps blockUntilComplete
INFO: waiting...
Dec 06, 2019 9:20:18 PM org.iu.engrcloudcomputing.mapreduce.hadoop.helper.GoogleComputeOps blockUntilComplete
INFO: waiting...
Dec 06, 2019 9:20:23 PM org.iu.engrcloudcomputing.mapreduce.hadoop.helper.GoogleComputeOps blockUntilComplete
INFO: waiting...
Dec 06, 2019 9:20:23 PM org.iu.engrcloudcomputing.mapreduce.hadoop.helper.GoogleComputeOps waitForOperationCompletion
INFO: Success!
Dec 06, 2019 9:20:24 PM org.iu.engrcloudcomputing.mapreduce.hadoop.helper.GoogleComputeOps deleteInstance
INFO: ================== Deleting Instance mapred ==================
Waiting for operation completion...
Dec 06, 2019 9:20:30 PM org.iu.engrcloudcomputing.mapreduce.hadoop.helper.GoogleComputeOps blockUntilComplete
INFO: waiting...
Dec 06, 2019 9:20:35 PM org.iu.engrcloudcomputing.mapreduce.hadoop.helper.GoogleComputeOps blockUntilComplete
INFO: waiting...
Dec 06, 2019 9:20:42 PM org.iu.engrcloudcomputing.mapreduce.hadoop.helper.GoogleComputeOps blockUntilComplete
INFO: waiting...
Dec 06, 2019 9:20:48 PM org.iu.engrcloudcomputing.mapreduce.hadoop.helper.GoogleComputeOps blockUntilComplete
INFO: waiting...
Dec 06, 2019 9:20:54 PM org.iu.engrcloudcomputing.mapreduce.hadoop.helper.GoogleComputeOps blockUntilComplete
INFO: waiting...
Dec 06, 2019 9:21:00 PM org.iu.engrcloudcomputing.mapreduce.hadoop.helper.GoogleComputeOps blockUntilComplete
INFO: waiting...
Dec 06, 2019 9:21:05 PM org.iu.engrcloudcomputing.mapreduce.hadoop.helper.GoogleComputeOps blockUntilComplete
INFO: waiting...
Dec 06, 2019 9:21:11 PM org.iu.engrcloudcomputing.mapreduce.hadoop.helper.GoogleComputeOps blockUntilComplete
INFO: waiting...
Dec 06, 2019 9:21:16 PM org.iu.engrcloudcomputing.mapreduce.hadoop.helper.GoogleComputeOps blockUntilComplete
INFO: waiting...
Dec 06, 2019 9:21:23 PM org.iu.engrcloudcomputing.mapreduce.hadoop.helper.GoogleComputeOps blockUntilComplete
INFO: waiting...
Dec 06, 2019 9:21:28 PM org.iu.engrcloudcomputing.mapreduce.hadoop.helper.GoogleComputeOps blockUntilComplete
INFO: waiting...
Dec 06, 2019 9:21:33 PM org.iu.engrcloudcomputing.mapreduce.hadoop.helper.GoogleComputeOps blockUntilComplete
INFO: waiting...
Dec 06, 2019 9:21:39 PM org.iu.engrcloudcomputing.mapreduce.hadoop.helper.GoogleComputeOps blockUntilComplete
INFO: waiting...
Dec 06, 2019 9:21:44 PM org.iu.engrcloudcomputing.mapreduce.hadoop.helper.GoogleComputeOps blockUntilComplete
INFO: waiting...
Dec 06, 2019 9:21:50 PM org.iu.engrcloudcomputing.mapreduce.hadoop.helper.GoogleComputeOps blockUntilComplete
INFO: waiting...
Dec 06, 2019 9:21:50 PM org.iu.engrcloudcomputing.mapreduce.hadoop.helper.GoogleComputeOps waitForOperationCompletion
INFO: Success!
Dec 06, 2019 9:21:50 PM org.iu.engrcloudcomputing.mapreduce.hadoop.Application main
INFO: Cluster is successfully destroyed with masterIpAddress: 34.74.219.106, masterPort: 9001
Dec 06, 2019 9:21:50 PM org.iu.engrcloudcomputing.mapreduce.hadoop.Application main
INFO: MapReduce task is completed successfully
Dec 06, 2019 9:21:50 PM org.iu.engrcloudcomputing.mapreduce.hadoop.Application main
INFO: Output file stored successfully in the location: file:///Users/gkiran/Documents/git-gkiran292/cloud-computing/hadoop/cloud-ii-output.txt
Disconnected from the target VM, address: '127.0.0.1:60912', transport: 'socket'

Process finished with exit code 0
